<?xml version="1.0" encoding="utf-8"?><testsuites name="pytest tests"><testsuite name="pytest" errors="0" failures="0" skipped="0" tests="24" time="0.909" timestamp="2025-08-20T22:01:51.771405-07:00" hostname="Sujeeths-MacBook-Pro.local"><testcase classname="tests.test_coordinator_dwell_cooldown" name="test_coordinator_dwell_and_cooldown_enforcement" time="0.001" /><testcase classname="tests.test_coordinator_dwell_cooldown" name="test_topology_changed_event_signaling" time="0.001" /><testcase classname="tests.test_defaults_config" name="test_defaults_values" time="0.000" /><testcase classname="tests.test_docs_m0_summaries" name="test_docs_m0_summaries_present" time="0.000" /><testcase classname="tests.test_evidence_pack_presence" name="test_evidence_pack_present_for_completed_milestones" time="0.000" /><testcase classname="tests.test_fs_local_whitelist_patch_search" name="test_fs_whitelist_read_write_and_escape" time="0.005" /><testcase classname="tests.test_fs_local_whitelist_patch_search" name="test_fs_patch_minimal_unified_diff" time="0.002" /><testcase classname="tests.test_fs_local_whitelist_patch_search" name="test_fs_search_files_content_regex" time="0.002" /><testcase classname="tests.test_fs_local_whitelist_patch_search" name="test_fs_search_files_ignores_symlink_escape" time="0.002" /><testcase classname="tests.test_llm_http_client" name="test_llm_http_success" time="0.002" /><testcase classname="tests.test_llm_http_client" name="test_llm_http_retry_on_5xx" time="0.002" /><testcase classname="tests.test_llm_http_client" name="test_llm_http_timeout" time="0.203" /><testcase classname="tests.test_llm_http_client" name="test_llm_http_no_retry_on_4xx" time="0.002" /><testcase classname="tests.test_makefile_targets" name="test_makefile_targets_and_tools" time="0.000" /><testcase classname="tests.test_message_dataclass" name="test_message_mutability_and_defaults" time="0.000" /><testcase classname="tests.test_precommit_config" name="test_precommit_config_has_expected_hooks" time="0.000" /><testcase classname="tests.test_protocols_importable" name="test_protocols_defined_and_importable" time="0.000" /><testcase classname="tests.test_pytest_adapter_discover_run" name="test_pytest_adapter_discover_and_run" time="0.481" /><testcase classname="tests.test_router_fifo_ttl_retry" name="test_per_recipient_fifo_order" time="0.001" /><testcase classname="tests.test_router_fifo_ttl_retry" name="test_ttl_drop_on_dequeue" time="0.021" /><testcase classname="tests.test_router_fifo_ttl_retry" name="test_retry_increments_attempt_and_redelivered" time="0.001" /><testcase classname="tests.test_switch_epoch_gating_atomic" name="test_atomic_no_n_plus_one_dequeue_until_commit" time="0.002" /><testcase classname="tests.test_switch_epoch_gating_atomic" name="test_abort_reenqueue_fifo" time="0.052" /><testcase classname="tests.test_switch_epoch_gating_atomic" name="test_abort_tracks_drop_counts" time="0.052" /></testsuite></testsuites>